<?xml version="1.0" encoding="UTF-8"?>
<coverage generated="1661324748521" clover="3.2.0">
  <project timestamp="1661324748521" name="All files">
    <metrics statements="14" coveredstatements="14" conditionals="9" coveredconditionals="9" methods="6" coveredmethods="6" elements="29" coveredelements="29" complexity="0" loc="14" ncloc="14" packages="1" files="1" classes="1"/>
    <file name="dice.js" path="/Users/s2200110/Documents/React22k_Studyfiles/Unit_Testing/DiceProject/dice.js">
      <metrics statements="14" coveredstatements="14" conditionals="9" coveredconditionals="9" methods="6" coveredmethods="6"/>
      <line num="3" count="1" type="stmt"/>
      <line num="5" count="68" type="cond" truecount="2" falsecount="0"/>
      <line num="6" count="2" type="stmt"/>
      <line num="9" count="66" type="cond" truecount="2" falsecount="0"/>
      <line num="10" count="1" type="stmt"/>
      <line num="13" count="65" type="cond" truecount="2" falsecount="0"/>
      <line num="14" count="3" type="stmt"/>
      <line num="17" count="62" type="stmt"/>
      <line num="18" count="62" type="stmt"/>
      <line num="22" count="442" type="stmt"/>
      <line num="26" count="20" type="stmt"/>
      <line num="30" count="20" type="stmt"/>
      <line num="34" count="2" type="cond" truecount="2" falsecount="0"/>
      <line num="38" count="211" type="stmt"/>
    </file>
  </project>
</coverage>
