TN:
SF:dice.js
FN:4,(anonymous_0)
FN:21,(anonymous_1)
FN:25,(anonymous_2)
FN:29,(anonymous_3)
FN:33,(anonymous_4)
FN:37,(anonymous_5)
FNF:6
FNH:6
FNDA:68,(anonymous_0)
FNDA:442,(anonymous_1)
FNDA:20,(anonymous_2)
FNDA:20,(anonymous_3)
FNDA:2,(anonymous_4)
FNDA:211,(anonymous_5)
DA:3,1
DA:5,68
DA:6,2
DA:9,66
DA:10,1
DA:13,65
DA:14,3
DA:17,62
DA:18,62
DA:22,442
DA:26,20
DA:30,20
DA:34,2
DA:38,211
LF:14
LH:14
BRDA:4,0,0,5
BRDA:5,1,0,2
BRDA:5,1,1,66
BRDA:9,2,0,1
BRDA:9,2,1,65
BRDA:13,3,0,3
BRDA:13,3,1,62
BRDA:34,4,0,1
BRDA:34,4,1,1
BRF:9
BRH:9
end_of_record
